<?xml version="1.0" encoding="UTF-8"?>
<!-- Generated by org.testng.reporters.JUnitReportReporter -->
<testsuite skipped="0" hostname="SAVIT0R" name="selegit.newp" tests="2" failures="0" timestamp="19 Jun 2019 18:20:43 GMT" time="8.603" errors="0">
  <testcase name="driver" time="8.283" classname="selegit.newp"/>
  <testcase name="loginFunctionality" time="0.320" classname="selegit.newp"/>
</testsuite> <!-- selegit.newp -->
